::1 - - [01/Aug/2021:16:32:17 +0000] "GET /images?base=10&limit=67 HTTP/1.1" 304 -
::1 - - [01/Aug/2021:17:08:31 +0000] "GET / HTTP/1.1" 404 139
::1 - - [01/Aug/2021:17:17:19 +0000] "GET /images/IMG-20190129-WA0001.jpg HTTP/1.1" 200 -
::1 - - [01/Aug/2021:17:24:11 +0000] "GET /images/IMG-20190129-WA0001.jpg HTTP/1.1" 200 -
::1 - - [02/Aug/2021:10:59:22 +0000] "GET / HTTP/1.1" 404 139
::1 - - [02/Aug/2021:10:59:38 +0000] "GET /images HTTP/1.1" 304 -
::1 - - [02/Aug/2021:10:59:38 +0000] "GET /favicon.ico HTTP/1.1" 404 150
::1 - - [02/Aug/2021:11:01:00 +0000] "POST /images HTTP/1.1" 500 1337
::1 - - [02/Aug/2021:11:02:10 +0000] "POST /images HTTP/1.1" 200 232
::1 - - [02/Aug/2021:11:03:56 +0000] "GET /images/filename HTTP/1.1" 200 -
::1 - - [02/Aug/2021:11:35:40 +0000] "POST /images HTTP/1.1" 200 -
::1 - - [02/Aug/2021:11:35:51 +0000] "POST /images HTTP/1.1" 200 -
::1 - - [02/Aug/2021:11:36:36 +0000] "POST /images HTTP/1.1" 200 -
::1 - - [02/Aug/2021:11:37:52 +0000] "POST /images HTTP/1.1" 200 239
::1 - - [02/Aug/2021:11:42:55 +0000] "POST /images HTTP/1.1" - -
::1 - - [02/Aug/2021:11:43:15 +0000] "POST /images HTTP/1.1" - -
::1 - - [02/Aug/2021:11:49:37 +0000] "POST /images HTTP/1.1" - -
::1 - - [02/Aug/2021:11:55:40 +0000] "POST /images HTTP/1.1" - -
::1 - - [02/Aug/2021:11:55:54 +0000] "GET /images/8a17bcedb47af43e4e921568bf0aec8a HTTP/1.1" 200 -
::1 - - [02/Aug/2021:11:57:25 +0000] "GET /8a17bcedb47af43e4e921568bf0aec8a HTTP/1.1" 404 171
::1 - - [02/Aug/2021:11:57:32 +0000] "GET /images/8a17bcedb47af43e4e921568bf0aec8a HTTP/1.1" 200 -
::1 - - [02/Aug/2021:12:08:13 +0000] "GET /images/8a17bcedb47af43e4e921568bf0aec8a HTTP/1.1" - -
::1 - - [02/Aug/2021:12:14:02 +0000] "GET /images/8a17bcedb47af43e4e921568bf0aec8a HTTP/1.1" - -
::1 - - [02/Aug/2021:12:18:46 +0000] "GET /images/8a17bcedb47af43e4e921568bf HTTP/1.1" - -
::1 - - [02/Aug/2021:12:18:49 +0000] "GET /images/8a17bcedb47af43e4e921568bf0aec8a HTTP/1.1" - -
::1 - - [02/Aug/2021:12:20:43 +0000] "GET /images/8a17bcedb47af43e4e921568bf0aec8a HTTP/1.1" - -
::1 - - [02/Aug/2021:12:21:20 +0000] "GET /images/8a17bcedb47af43e4e921568bf0aec8a HTTP/1.1" - -
::1 - - [02/Aug/2021:12:22:01 +0000] "GET /images/8a17bcedb47af43e4e921568bf0aec HTTP/1.1" - -
::1 - - [02/Aug/2021:12:22:03 +0000] "GET /images/8a17bcedb47af43e4e921568bf0aec HTTP/1.1" - -
::1 - - [02/Aug/2021:12:28:48 +0000] "GET /images/8a17bcedb47af43e4e921568bf0aec8a HTTP/1.1" - -
::1 - - [02/Aug/2021:12:29:28 +0000] "GET /images/8a17bcedb47af43e4e921568bf0aec8a HTTP/1.1" - -
::1 - - [02/Aug/2021:12:31:55 +0000] "GET /images/8a17bcedb47af43e4e921568bf0aec8a HTTP/1.1" 200 2
::1 - - [02/Aug/2021:12:31:58 +0000] "GET /images/8a17bcedb47af43e4e921568bf0aec8a HTTP/1.1" 304 -
::1 - - [02/Aug/2021:12:32:10 +0000] "GET /images/8a17bcedb47af43e4e921568bf0aec8a HTTP/1.1" 304 -
::1 - - [02/Aug/2021:12:32:36 +0000] "GET /images/8a17bcedb47af43e4e921568bf0aec8a HTTP/1.1" 304 -
::1 - - [02/Aug/2021:12:32:58 +0000] "GET /images/8a17bcedb47af43e4e921568bf0aec8a HTTP/1.1" 304 -
::1 - - [02/Aug/2021:12:34:26 +0000] "GET /images/8a17bcedb47af43e4e921568bf0aec8a HTTP/1.1" 200 32
::1 - - [02/Aug/2021:12:38:19 +0000] "GET /images/8a17bcedb47af43e4e921568bf0aec8a HTTP/1.1" 304 -
::1 - - [02/Aug/2021:12:40:17 +0000] "GET /images/8a17bcedb47af43e4e921568bf0aec8a HTTP/1.1" 200 2
::1 - - [02/Aug/2021:12:40:19 +0000] "GET /images/8a17bcedb47af43e4e921568bf0aec8a HTTP/1.1" 304 -
::1 - - [02/Aug/2021:12:45:47 +0000] "GET /images/8a17bcedb47af43e4e921568bf0aec8a HTTP/1.1" 200 -
::1 - - [02/Aug/2021:12:52:41 +0000] "GET /images/8a17bcedb47af43e4e921568bf0aec8a HTTP/1.1" - -
::1 - - [02/Aug/2021:12:53:06 +0000] "GET /images/8a17bcedb47af43e4e921568bf0aec8a HTTP/1.1" - -
::1 - - [02/Aug/2021:13:05:10 +0000] "GET /images/8a17bcedb47af43e4e921568bf0aec8a HTTP/1.1" - -
::1 - - [02/Aug/2021:13:08:40 +0000] "GET /images/8a17bcedb47af43e4e921568bf0aec8a HTTP/1.1" - -
::1 - - [02/Aug/2021:13:09:52 +0000] "GET /images/8a17bcedb47af43e4e921568bf0aec8a HTTP/1.1" - -
::1 - - [02/Aug/2021:13:09:59 +0000] "GET /images/8a17bcedb47af43e4e921568bf0aec8a HTTP/1.1" - -
::1 - - [02/Aug/2021:13:11:03 +0000] "GET /images/8a17bcedb47af43e4e921568bf0aec8a HTTP/1.1" 200 -
::1 - - [02/Aug/2021:13:11:56 +0000] "GET /images/8a17bcedb47af43e4e921568bf0aec8a HTTP/1.1" 200 -
::1 - - [02/Aug/2021:13:11:56 +0000] "GET /images/8a17bcedb47af43e4e921568bf0aec8a HTTP/1.1" 200 -
::1 - - [02/Aug/2021:13:12:24 +0000] "GET /images/8a17bcedb47af43e4e921568bf0aec8a HTTP/1.1" 200 -
